<?xml version="1.0" encoding="UTF-8"?>
<!-- Generated by org.testng.reporters.JUnitReportReporter -->
<testsuite hostname="DESKTOP-0C1LDQF" failures="0" tests="4" name="com.tutorialsNinja.qa.testcases.RegisterTest" time="56.550" errors="0" timestamp="2023-04-14T17:45:13 IST" skipped="0">
  <testcase classname="com.tutorialsNinja.qa.testcases.RegisterTest" name="verifyRegisterWithMandatoryFields" time="17.687"/>
  <system-out/>
  <testcase classname="com.tutorialsNinja.qa.testcases.RegisterTest" name="verifyRegisterWithAllFields" time="14.607"/>
  <system-out/>
  <testcase classname="com.tutorialsNinja.qa.testcases.RegisterTest" name="verifyRegisteringWithExistingEmail" time="13.569"/>
  <system-out/>
  <testcase classname="com.tutorialsNinja.qa.testcases.RegisterTest" name="verifyRegisteringWithNoCredentials" time="10.687"/>
  <system-out/>
</testsuite> <!-- com.tutorialsNinja.qa.testcases.RegisterTest -->
