<?xml version="1.0" encoding="UTF-8"?>
<!-- Generated by org.testng.reporters.JUnitReportReporter -->
<testsuite hostname="DESKTOP-0C1LDQF" failures="0" tests="7" name="com.tutorialsNinja.qa.testcases.LoginPageTest" time="89.594" errors="0" timestamp="2023-04-14T17:45:13 IST" skipped="0">
  <testcase classname="com.tutorialsNinja.qa.testcases.LoginPageTest" name="verifyLoginWithValidCredentials" time="10.995"/>
  <system-out/>
  <testcase classname="com.tutorialsNinja.qa.testcases.LoginPageTest" name="verifyLoginWithValidCredentials" time="9.882"/>
  <system-out/>
  <testcase classname="com.tutorialsNinja.qa.testcases.LoginPageTest" name="verifyLoginWithValidCredentials" time="19.296"/>
  <system-out/>
  <testcase classname="com.tutorialsNinja.qa.testcases.LoginPageTest" name="verifyLoginWithValidEmailAndInvalidPassword" time="14.662"/>
  <system-out/>
  <testcase classname="com.tutorialsNinja.qa.testcases.LoginPageTest" name="verifyLoginWithInvalidEmailAndValidPassword" time="12.082"/>
  <system-out/>
  <testcase classname="com.tutorialsNinja.qa.testcases.LoginPageTest" name="verifyLoginWithInvalidCredentials" time="9.895"/>
  <system-out/>
  <testcase classname="com.tutorialsNinja.qa.testcases.LoginPageTest" name="verifyLoginWithoutProvidingCredentials" time="12.782"/>
  <system-out/>
</testsuite> <!-- com.tutorialsNinja.qa.testcases.LoginPageTest -->
