<?xml version="1.0" encoding="UTF-8"?>
<!-- Generated by org.testng.reporters.JUnitReportReporter -->
<testsuite hostname="DESKTOP-0C1LDQF" failures="0" tests="3" name="com.tutorialsNinja.qa.testcases.SearchTest" time="26.981" errors="0" timestamp="2023-04-14T17:45:13 IST" skipped="0">
  <testcase classname="com.tutorialsNinja.qa.testcases.SearchTest" name="verifySearchWithValidProduct" time="10.817"/>
  <system-out/>
  <testcase classname="com.tutorialsNinja.qa.testcases.SearchTest" name="verifySearchWithInvalidProduct" time="8.404"/>
  <system-out/>
  <testcase classname="com.tutorialsNinja.qa.testcases.SearchTest" name="verifySearchWithoutAnyProduct" time="7.760"/>
  <system-out/>
</testsuite> <!-- com.tutorialsNinja.qa.testcases.SearchTest -->
